4 0 261 163 97
4 296 32 117 182
3 180 286 265
3 216 10 274
3 33 14 135
4 167 79 3 31
3 54 299 12
3 85 101 247
4 65 241 81 130
3 212 48 186
3 116 102 292
4 249 188 109 69
4 36 146 139 183
3 75 38 256
4 168 57 283 173
4 221 170 118 229
3 108 50 71
3 259 197 51
4 87 44 138 211
3 80 119 9
3 234 277 155
3 164 129 35
3 103 232 126
3 179 295 252
4 41 217 124 17
3 275 89 37
3 184 225 16
3 294 56 205
3 148 73 189
3 127 177 47
4 161 29 253 123
3 13 236 257
3 162 140 194
3 203 202 250
3 95 157 233
3 213 6 251
3 260 25 100
3 88 207 215
3 110 193 196
4 159 209 45 66
5 34 174 122 248 46
4 276 128 268 143
3 72 24 181
2 62 141
3 290 230 289
2 285 288
3 133 239 142
3 156 23 30
2 92 98
2 15 59
3 8 27 176
2 63 223
4 273 237 291 175
5 136 28 222 5 52
3 4 187 219
2 107 152
2 7 112
3 74 190 77
5 210 40 86 93 2
3 96 147 120
3 282 22 55
3 150 298 262
2 271 297
3 218 131 278
5 58 267 166 287 165
3 105 61 192
3 227 158 49
4 245 172 191 151
3 19 26 145
2 125 104
3 137 160 178
3 134 82 94
3 226 195 153
3 21 269 279
2 68 238
3 224 64 78
2 185 228
3 144 42 132
2 121 20
4 220 263 83 169
3 214 235 115
2 18 106
2 244 206
3 246 201 231
3 284 53 266
2 111 208
3 99 91 154
3 60 254 1
4 39 76 199 270
2 243 255
3 171 70 280
2 281 272
2 198 293
2 11 264
2 113 67
2 258 240
3 204 90 84
2 114 149
2 200 43
1 242
